Started GET "/" for 127.0.0.1 at 2022-09-15 12:27:16 +0500
Processing by Rails::WelcomeController#index as HTML
  Rendering /Users/pakwheels/.local/share/gem/ruby/3.0.0/gems/railties-7.0.4/lib/rails/templates/rails/welcome/index.html.erb
  Rendered /Users/pakwheels/.local/share/gem/ruby/3.0.0/gems/railties-7.0.4/lib/rails/templates/rails/welcome/index.html.erb (Duration: 1.1ms | Allocations: 738)
Completed 200 OK in 12ms (Views: 3.3ms | ActiveRecord: 0.0ms | Allocations: 7021)


Started GET "/" for 127.0.0.1 at 2022-09-15 12:36:32 +0500
Processing by Rails::WelcomeController#index as HTML
  Rendering /Users/pakwheels/.local/share/gem/ruby/3.0.0/gems/railties-7.0.4/lib/rails/templates/rails/welcome/index.html.erb
  Rendered /Users/pakwheels/.local/share/gem/ruby/3.0.0/gems/railties-7.0.4/lib/rails/templates/rails/welcome/index.html.erb (Duration: 0.7ms | Allocations: 631)
Completed 200 OK in 7ms (Views: 2.0ms | ActiveRecord: 0.0ms | Allocations: 5740)


Started GET "/application" for 127.0.0.1 at 2022-09-15 12:36:40 +0500
  
ActionController::RoutingError (No route matches [GET] "/application"):
  
Started GET "/articles" for 127.0.0.1 at 2022-09-15 12:36:49 +0500
Processing by ArticlesController#index as HTML
  Rendering layout layouts/application.html.erb
  Rendering articles/index.html.erb within layouts/application
  Rendered articles/index.html.erb within layouts/application (Duration: 4.9ms | Allocations: 102)
  Rendered layout layouts/application.html.erb (Duration: 1106.7ms | Allocations: 29907)
Completed 200 OK in 1112ms (Views: 1109.6ms | ActiveRecord: 0.0ms | Allocations: 30931)


Started GET "/" for 127.0.0.1 at 2022-09-15 12:39:43 +0500
Processing by ArticlesController#index as HTML
  Rendering layout layouts/application.html.erb
  Rendering articles/index.html.erb within layouts/application
  Rendered articles/index.html.erb within layouts/application (Duration: 0.1ms | Allocations: 9)
  Rendered layout layouts/application.html.erb (Duration: 1.9ms | Allocations: 1213)
Completed 200 OK in 3ms (Views: 3.2ms | Allocations: 1940)


Started GET "/article" for 127.0.0.1 at 2022-09-15 12:39:49 +0500
  
ActionController::RoutingError (No route matches [GET] "/article"):
  
Started GET "/articles" for 127.0.0.1 at 2022-09-15 12:39:51 +0500
Processing by ArticlesController#index as HTML
  Rendering layout layouts/application.html.erb
  Rendering articles/index.html.erb within layouts/application
  Rendered articles/index.html.erb within layouts/application (Duration: 0.1ms | Allocations: 7)
  Rendered layout layouts/application.html.erb (Duration: 2.9ms | Allocations: 1133)
Completed 200 OK in 4ms (Views: 3.7ms | Allocations: 1412)


  [1m[35m (0.5ms)[0m  [1m[35mCREATE TABLE "schema_migrations" ("version" varchar NOT NULL PRIMARY KEY)[0m
  [1m[35m (0.4ms)[0m  [1m[35mCREATE TABLE "ar_internal_metadata" ("key" varchar NOT NULL PRIMARY KEY, "value" varchar, "created_at" datetime(6) NOT NULL, "updated_at" datetime(6) NOT NULL)[0m
  [1m[36mActiveRecord::SchemaMigration Pluck (0.0ms)[0m  [1m[34mSELECT "schema_migrations"."version" FROM "schema_migrations" ORDER BY "schema_migrations"."version" ASC[0m
Migrating to CreateArticles (20220915102323)
  [1m[36mTRANSACTION (0.0ms)[0m  [1m[36mbegin transaction[0m
  [1m[35m (0.1ms)[0m  [1m[35mCREATE TABLE "articles" ("id" integer PRIMARY KEY AUTOINCREMENT NOT NULL, "title" varchar, "body" text, "created_at" datetime(6) NOT NULL, "updated_at" datetime(6) NOT NULL)[0m
  [1m[36mActiveRecord::SchemaMigration Create (0.1ms)[0m  [1m[32mINSERT INTO "schema_migrations" ("version") VALUES (?)[0m  [["version", "20220915102323"]]
  [1m[36mTRANSACTION (0.3ms)[0m  [1m[36mcommit transaction[0m
  [1m[36mActiveRecord::InternalMetadata Load (0.0ms)[0m  [1m[34mSELECT "ar_internal_metadata".* FROM "ar_internal_metadata" WHERE "ar_internal_metadata"."key" = ? LIMIT ?[0m  [["key", "environment"], ["LIMIT", 1]]
  [1m[36mTRANSACTION (0.0ms)[0m  [1m[36mbegin transaction[0m
  [1m[36mActiveRecord::InternalMetadata Create (0.1ms)[0m  [1m[32mINSERT INTO "ar_internal_metadata" ("key", "value", "created_at", "updated_at") VALUES (?, ?, ?, ?)[0m  [["key", "environment"], ["value", "development"], ["created_at", "2022-09-15 10:24:38.591651"], ["updated_at", "2022-09-15 10:24:38.591651"]]
  [1m[36mTRANSACTION (5.1ms)[0m  [1m[36mcommit transaction[0m
  [1m[36mActiveRecord::SchemaMigration Pluck (0.0ms)[0m  [1m[34mSELECT "schema_migrations"."version" FROM "schema_migrations" ORDER BY "schema_migrations"."version" ASC[0m
  [1m[36mTRANSACTION (0.2ms)[0m  [1m[36mbegin transaction[0m
  [1m[36mArticle Create (1.7ms)[0m  [1m[32mINSERT INTO "articles" ("title", "body", "created_at", "updated_at") VALUES (?, ?, ?, ?)[0m  [["title", "Hello Rails"], ["body", "I am on Rails!"], ["created_at", "2022-09-15 10:25:47.900836"], ["updated_at", "2022-09-15 10:25:47.900836"]]
  [1m[36mTRANSACTION (0.8ms)[0m  [1m[36mcommit transaction[0m
  [1m[36mArticle Load (0.3ms)[0m  [1m[34mSELECT "articles".* FROM "articles" WHERE "articles"."id" = ? LIMIT ?[0m  [["id", 1], ["LIMIT", 1]]
  [1m[36mArticle Load (0.3ms)[0m  [1m[34mSELECT "articles".* FROM "articles"[0m
Started GET "/" for 127.0.0.1 at 2022-09-15 15:31:51 +0500
  [1m[36mActiveRecord::SchemaMigration Pluck (0.1ms)[0m  [1m[34mSELECT "schema_migrations"."version" FROM "schema_migrations" ORDER BY "schema_migrations"."version" ASC[0m
Processing by ArticlesController#index as HTML
  Rendering layout layouts/application.html.erb
  Rendering articles/index.html.erb within layouts/application
  [1m[36mArticle Load (0.3ms)[0m  [1m[34mSELECT "articles".* FROM "articles"[0m
  ↳ app/views/articles/index.html.erb:4
  Rendered articles/index.html.erb within layouts/application (Duration: 6.4ms | Allocations: 16146)
  Rendered layout layouts/application.html.erb (Duration: 8.1ms | Allocations: 17540)
Completed 200 OK in 11ms (Views: 8.7ms | ActiveRecord: 0.5ms | Allocations: 19179)


Started GET "/" for 127.0.0.1 at 2022-09-15 15:32:38 +0500
Processing by ArticlesController#index as HTML
  Rendering layout layouts/application.html.erb
  Rendering articles/index.html.erb within layouts/application
  [1m[36mArticle Load (1.0ms)[0m  [1m[34mSELECT "articles".* FROM "articles"[0m
  ↳ app/views/articles/index.html.erb:4
  Rendered articles/index.html.erb within layouts/application (Duration: 5.6ms | Allocations: 716)
  Rendered layout layouts/application.html.erb (Duration: 9.8ms | Allocations: 2085)
Completed 200 OK in 17ms (Views: 12.9ms | ActiveRecord: 1.0ms | Allocations: 3094)


Started GET "/" for 127.0.0.1 at 2022-09-15 15:33:02 +0500
Processing by ArticlesController#index as HTML
  Rendering layout layouts/application.html.erb
  Rendering articles/index.html.erb within layouts/application
  [1m[36mArticle Load (0.2ms)[0m  [1m[34mSELECT "articles".* FROM "articles"[0m
  ↳ app/views/articles/index.html.erb:4
  Rendered articles/index.html.erb within layouts/application (Duration: 4.0ms | Allocations: 711)
  Rendered layout layouts/application.html.erb (Duration: 7.7ms | Allocations: 2083)
Completed 200 OK in 12ms (Views: 10.4ms | ActiveRecord: 0.2ms | Allocations: 3082)


Started GET "/" for 127.0.0.1 at 2022-09-15 15:33:57 +0500
Processing by ArticlesController#index as HTML
  Rendering layout layouts/application.html.erb
  Rendering articles/index.html.erb within layouts/application
  [1m[36mArticle Load (0.4ms)[0m  [1m[34mSELECT "articles".* FROM "articles"[0m
  ↳ app/views/articles/index.html.erb:4
  Rendered articles/index.html.erb within layouts/application (Duration: 5.3ms | Allocations: 718)
  Rendered layout layouts/application.html.erb (Duration: 9.6ms | Allocations: 2098)
Completed 200 OK in 17ms (Views: 13.1ms | ActiveRecord: 0.4ms | Allocations: 3101)


Started GET "/" for 127.0.0.1 at 2022-09-15 15:34:06 +0500
Processing by ArticlesController#index as HTML
  Rendering layout layouts/application.html.erb
  Rendering articles/index.html.erb within layouts/application
  [1m[36mArticle Load (0.2ms)[0m  [1m[34mSELECT "articles".* FROM "articles"[0m
  ↳ app/views/articles/index.html.erb:4
  Rendered articles/index.html.erb within layouts/application (Duration: 2.5ms | Allocations: 710)
  Rendered layout layouts/application.html.erb (Duration: 5.3ms | Allocations: 2094)
Completed 200 OK in 8ms (Views: 7.3ms | ActiveRecord: 0.2ms | Allocations: 3093)


Started GET "/" for 127.0.0.1 at 2022-09-15 15:38:56 +0500
Processing by ArticlesController#index as HTML
  Rendering layout layouts/application.html.erb
  Rendering articles/index.html.erb within layouts/application
  [1m[36mArticle Load (0.3ms)[0m  [1m[34mSELECT "articles".* FROM "articles"[0m
  ↳ app/views/articles/index.html.erb:4
  Rendered articles/index.html.erb within layouts/application (Duration: 3.1ms | Allocations: 2502)
  Rendered layout layouts/application.html.erb (Duration: 4.8ms | Allocations: 3892)
Completed 200 OK in 8ms (Views: 6.0ms | ActiveRecord: 0.7ms | Allocations: 5478)


Started GET "/articles/1" for 127.0.0.1 at 2022-09-15 15:38:58 +0500
Processing by ArticlesController#show as HTML
  Parameters: {"id"=>"1"}
  [1m[36mArticle Load (0.4ms)[0m  [1m[34mSELECT "articles".* FROM "articles" WHERE "articles"."id" = ? LIMIT ?[0m  [["id", 1], ["LIMIT", 1]]
  ↳ app/controllers/articles_controller.rb:7:in `show'
  Rendering layout layouts/application.html.erb
  Rendering articles/show.html.erb within layouts/application
  Rendered articles/show.html.erb within layouts/application (Duration: 1.0ms | Allocations: 139)
  Rendered layout layouts/application.html.erb (Duration: 4.5ms | Allocations: 1264)
Completed 200 OK in 15ms (Views: 5.4ms | ActiveRecord: 0.4ms | Allocations: 4238)


Started GET "/articles/1" for 127.0.0.1 at 2022-09-15 15:40:22 +0500
Processing by ArticlesController#show as HTML
  Parameters: {"id"=>"1"}
  [1m[36mArticle Load (0.3ms)[0m  [1m[34mSELECT "articles".* FROM "articles" WHERE "articles"."id" = ? LIMIT ?[0m  [["id", 1], ["LIMIT", 1]]
  ↳ app/controllers/articles_controller.rb:7:in `show'
  Rendering layout layouts/application.html.erb
  Rendering articles/show.html.erb within layouts/application
  Rendered articles/show.html.erb within layouts/application (Duration: 0.2ms | Allocations: 11)
  Rendered layout layouts/application.html.erb (Duration: 3.7ms | Allocations: 1130)
Completed 200 OK in 7ms (Views: 4.5ms | ActiveRecord: 0.3ms | Allocations: 1859)


Started GET "/" for 127.0.0.1 at 2022-09-15 15:55:43 +0500
Processing by ArticlesController#index as HTML
  Rendering layout layouts/application.html.erb
  Rendering articles/index.html.erb within layouts/application
  [1m[36mArticle Load (0.5ms)[0m  [1m[34mSELECT "articles".* FROM "articles"[0m
  ↳ app/views/articles/index.html.erb:4
  Rendered articles/index.html.erb within layouts/application (Duration: 3.0ms | Allocations: 1903)
  Rendered layout layouts/application.html.erb (Duration: 4.7ms | Allocations: 3085)
Completed 200 OK in 7ms (Views: 5.5ms | ActiveRecord: 0.8ms | Allocations: 4377)


Started GET "/articles/1" for 127.0.0.1 at 2022-09-15 15:55:44 +0500
Processing by ArticlesController#show as HTML
  Parameters: {"id"=>"1"}
  [1m[36mArticle Load (0.3ms)[0m  [1m[34mSELECT "articles".* FROM "articles" WHERE "articles"."id" = ? LIMIT ?[0m  [["id", 1], ["LIMIT", 1]]
  ↳ app/controllers/articles_controller.rb:7:in `show'
  Rendering layout layouts/application.html.erb
  Rendering articles/show.html.erb within layouts/application
  Rendered articles/show.html.erb within layouts/application (Duration: 0.2ms | Allocations: 13)
  Rendered layout layouts/application.html.erb (Duration: 3.0ms | Allocations: 1134)
Completed 200 OK in 8ms (Views: 3.7ms | ActiveRecord: 0.3ms | Allocations: 2452)


Started GET "/articles/1" for 127.0.0.1 at 2022-09-15 15:55:47 +0500
Processing by ArticlesController#show as HTML
  Parameters: {"id"=>"1"}
  [1m[36mArticle Load (0.2ms)[0m  [1m[34mSELECT "articles".* FROM "articles" WHERE "articles"."id" = ? LIMIT ?[0m  [["id", 1], ["LIMIT", 1]]
  ↳ app/controllers/articles_controller.rb:7:in `show'
  Rendering layout layouts/application.html.erb
  Rendering articles/show.html.erb within layouts/application
  Rendered articles/show.html.erb within layouts/application (Duration: 0.1ms | Allocations: 11)
  Rendered layout layouts/application.html.erb (Duration: 5.5ms | Allocations: 1132)
Completed 200 OK in 9ms (Views: 6.2ms | ActiveRecord: 0.2ms | Allocations: 1851)


Started GET "/articles/1" for 127.0.0.1 at 2022-09-15 15:55:51 +0500
Processing by ArticlesController#show as HTML
  Parameters: {"id"=>"1"}
  [1m[36mArticle Load (0.3ms)[0m  [1m[34mSELECT "articles".* FROM "articles" WHERE "articles"."id" = ? LIMIT ?[0m  [["id", 1], ["LIMIT", 1]]
  ↳ app/controllers/articles_controller.rb:7:in `show'
  Rendering layout layouts/application.html.erb
  Rendering articles/show.html.erb within layouts/application
  Rendered articles/show.html.erb within layouts/application (Duration: 0.1ms | Allocations: 11)
  Rendered layout layouts/application.html.erb (Duration: 3.2ms | Allocations: 1122)
Completed 200 OK in 8ms (Views: 3.9ms | ActiveRecord: 0.3ms | Allocations: 1841)


Started GET "/articles/1" for 127.0.0.1 at 2022-09-15 15:55:52 +0500
Processing by ArticlesController#show as HTML
  Parameters: {"id"=>"1"}
  [1m[36mArticle Load (0.2ms)[0m  [1m[34mSELECT "articles".* FROM "articles" WHERE "articles"."id" = ? LIMIT ?[0m  [["id", 1], ["LIMIT", 1]]
  ↳ app/controllers/articles_controller.rb:7:in `show'
  Rendering layout layouts/application.html.erb
  Rendering articles/show.html.erb within layouts/application
  Rendered articles/show.html.erb within layouts/application (Duration: 0.1ms | Allocations: 11)
  Rendered layout layouts/application.html.erb (Duration: 3.2ms | Allocations: 1136)
Completed 200 OK in 6ms (Views: 3.8ms | ActiveRecord: 0.2ms | Allocations: 1855)


Started GET "/" for 127.0.0.1 at 2022-09-15 16:05:32 +0500
Processing by ArticlesController#index as HTML
  Rendering layout layouts/application.html.erb
  Rendering articles/index.html.erb within layouts/application
  [1m[36mArticle Load (0.6ms)[0m  [1m[34mSELECT "articles".* FROM "articles"[0m
  ↳ app/views/articles/index.html.erb:4
  Rendered articles/index.html.erb within layouts/application (Duration: 6.4ms | Allocations: 921)
  Rendered layout layouts/application.html.erb (Duration: 14.8ms | Allocations: 2288)
Completed 200 OK in 24ms (Views: 20.7ms | ActiveRecord: 1.1ms | Allocations: 3284)


Started GET "/articles/1" for 127.0.0.1 at 2022-09-15 16:05:33 +0500
Processing by ArticlesController#show as HTML
  Parameters: {"id"=>"1"}
  [1m[36mArticle Load (0.4ms)[0m  [1m[34mSELECT "articles".* FROM "articles" WHERE "articles"."id" = ? LIMIT ?[0m  [["id", 1], ["LIMIT", 1]]
  ↳ app/controllers/articles_controller.rb:7:in `show'
  Rendering layout layouts/application.html.erb
  Rendering articles/show.html.erb within layouts/application
  Rendered articles/show.html.erb within layouts/application (Duration: 1.5ms | Allocations: 136)
  Rendered layout layouts/application.html.erb (Duration: 4.5ms | Allocations: 1263)
Completed 200 OK in 9ms (Views: 5.3ms | ActiveRecord: 0.4ms | Allocations: 2064)


Started GET "/articles/1" for 127.0.0.1 at 2022-09-15 16:08:15 +0500
Processing by ArticlesController#show as HTML
  Parameters: {"id"=>"1"}
  [1m[36mArticle Load (0.5ms)[0m  [1m[34mSELECT "articles".* FROM "articles" WHERE "articles"."id" = ? LIMIT ?[0m  [["id", 1], ["LIMIT", 1]]
  ↳ app/controllers/articles_controller.rb:7:in `show'
  Rendering layout layouts/application.html.erb
  Rendering articles/show.html.erb within layouts/application
  Rendered articles/show.html.erb within layouts/application (Duration: 1.7ms | Allocations: 140)
  Rendered layout layouts/application.html.erb (Duration: 6.8ms | Allocations: 1504)
Completed 200 OK in 26ms (Views: 11.9ms | ActiveRecord: 0.5ms | Allocations: 2928)


Started GET "/articles/1" for 127.0.0.1 at 2022-09-15 16:08:34 +0500
Processing by ArticlesController#show as HTML
  Parameters: {"id"=>"1"}
  [1m[36mArticle Load (0.3ms)[0m  [1m[34mSELECT "articles".* FROM "articles" WHERE "articles"."id" = ? LIMIT ?[0m  [["id", 1], ["LIMIT", 1]]
  ↳ app/controllers/articles_controller.rb:7:in `show'
  Rendering layout layouts/application.html.erb
  Rendering articles/show.html.erb within layouts/application
  Rendered articles/show.html.erb within layouts/application (Duration: 1.5ms | Allocations: 140)
  Rendered layout layouts/application.html.erb (Duration: 5.7ms | Allocations: 1500)
Completed 200 OK in 12ms (Views: 8.7ms | ActiveRecord: 0.3ms | Allocations: 2925)


Started GET "/" for 127.0.0.1 at 2022-09-15 16:08:37 +0500
Processing by ArticlesController#index as HTML
  Rendering layout layouts/application.html.erb
  Rendering articles/index.html.erb within layouts/application
  [1m[36mArticle Load (0.2ms)[0m  [1m[34mSELECT "articles".* FROM "articles"[0m
  ↳ app/views/articles/index.html.erb:4
  Rendered articles/index.html.erb within layouts/application (Duration: 4.4ms | Allocations: 872)
  Rendered layout layouts/application.html.erb (Duration: 7.4ms | Allocations: 2006)
Completed 200 OK in 10ms (Views: 8.3ms | ActiveRecord: 0.2ms | Allocations: 2356)


Started GET "/articles/1" for 127.0.0.1 at 2022-09-15 16:08:38 +0500
Processing by ArticlesController#show as HTML
  Parameters: {"id"=>"1"}
  [1m[36mArticle Load (0.2ms)[0m  [1m[34mSELECT "articles".* FROM "articles" WHERE "articles"."id" = ? LIMIT ?[0m  [["id", 1], ["LIMIT", 1]]
  ↳ app/controllers/articles_controller.rb:7:in `show'
  Rendering layout layouts/application.html.erb
  Rendering articles/show.html.erb within layouts/application
  Rendered articles/show.html.erb within layouts/application (Duration: 0.1ms | Allocations: 11)
  Rendered layout layouts/application.html.erb (Duration: 3.1ms | Allocations: 1132)
Completed 200 OK in 7ms (Views: 4.2ms | ActiveRecord: 0.2ms | Allocations: 1851)


Started GET "/articles/1" for 127.0.0.1 at 2022-09-15 16:08:39 +0500
Processing by ArticlesController#show as HTML
  Parameters: {"id"=>"1"}
  [1m[36mArticle Load (0.2ms)[0m  [1m[34mSELECT "articles".* FROM "articles" WHERE "articles"."id" = ? LIMIT ?[0m  [["id", 1], ["LIMIT", 1]]
  ↳ app/controllers/articles_controller.rb:7:in `show'
  Rendering layout layouts/application.html.erb
  Rendering articles/show.html.erb within layouts/application
  Rendered articles/show.html.erb within layouts/application (Duration: 0.1ms | Allocations: 11)
  Rendered layout layouts/application.html.erb (Duration: 3.0ms | Allocations: 1130)
Completed 200 OK in 6ms (Views: 3.7ms | ActiveRecord: 0.2ms | Allocations: 1849)


Started GET "/articles/1" for 127.0.0.1 at 2022-09-15 16:08:44 +0500
Processing by ArticlesController#show as HTML
  Parameters: {"id"=>"1"}
  [1m[36mArticle Load (0.2ms)[0m  [1m[34mSELECT "articles".* FROM "articles" WHERE "articles"."id" = ? LIMIT ?[0m  [["id", 1], ["LIMIT", 1]]
  ↳ app/controllers/articles_controller.rb:7:in `show'
  Rendering layout layouts/application.html.erb
  Rendering articles/show.html.erb within layouts/application
  Rendered articles/show.html.erb within layouts/application (Duration: 0.1ms | Allocations: 11)
  Rendered layout layouts/application.html.erb (Duration: 3.9ms | Allocations: 1140)
Completed 200 OK in 7ms (Views: 4.6ms | ActiveRecord: 0.2ms | Allocations: 1859)


Started GET "/" for 127.0.0.1 at 2022-09-15 16:08:50 +0500
Processing by ArticlesController#index as HTML
  Rendering layout layouts/application.html.erb
  Rendering articles/index.html.erb within layouts/application
  [1m[36mArticle Load (0.2ms)[0m  [1m[34mSELECT "articles".* FROM "articles"[0m
  ↳ app/views/articles/index.html.erb:4
  Rendered articles/index.html.erb within layouts/application (Duration: 2.3ms | Allocations: 580)
  Rendered layout layouts/application.html.erb (Duration: 5.5ms | Allocations: 1706)
Completed 200 OK in 7ms (Views: 6.1ms | ActiveRecord: 0.2ms | Allocations: 1999)


Started GET "/articles/1" for 127.0.0.1 at 2022-09-15 16:08:55 +0500
Processing by ArticlesController#show as HTML
  Parameters: {"id"=>"1"}
  [1m[36mArticle Load (0.2ms)[0m  [1m[34mSELECT "articles".* FROM "articles" WHERE "articles"."id" = ? LIMIT ?[0m  [["id", 1], ["LIMIT", 1]]
  ↳ app/controllers/articles_controller.rb:7:in `show'
  Rendering layout layouts/application.html.erb
  Rendering articles/show.html.erb within layouts/application
  Rendered articles/show.html.erb within layouts/application (Duration: 0.9ms | Allocations: 11)
  Rendered layout layouts/application.html.erb (Duration: 3.9ms | Allocations: 1124)
Completed 200 OK in 7ms (Views: 4.6ms | ActiveRecord: 0.2ms | Allocations: 1843)


Started GET "/articles/1" for 127.0.0.1 at 2022-09-15 16:08:59 +0500
Processing by ArticlesController#show as HTML
  Parameters: {"id"=>"1"}
  [1m[36mArticle Load (0.2ms)[0m  [1m[34mSELECT "articles".* FROM "articles" WHERE "articles"."id" = ? LIMIT ?[0m  [["id", 1], ["LIMIT", 1]]
  ↳ app/controllers/articles_controller.rb:7:in `show'
  Rendering layout layouts/application.html.erb
  Rendering articles/show.html.erb within layouts/application
  Rendered articles/show.html.erb within layouts/application (Duration: 0.1ms | Allocations: 11)
  Rendered layout layouts/application.html.erb (Duration: 2.7ms | Allocations: 1144)
Completed 200 OK in 6ms (Views: 3.2ms | ActiveRecord: 0.2ms | Allocations: 1863)


Started GET "/articles/1" for 127.0.0.1 at 2022-09-15 16:09:02 +0500
Processing by ArticlesController#show as HTML
  Parameters: {"id"=>"1"}
  [1m[36mArticle Load (0.2ms)[0m  [1m[34mSELECT "articles".* FROM "articles" WHERE "articles"."id" = ? LIMIT ?[0m  [["id", 1], ["LIMIT", 1]]
  ↳ app/controllers/articles_controller.rb:7:in `show'
  Rendering layout layouts/application.html.erb
  Rendering articles/show.html.erb within layouts/application
  Rendered articles/show.html.erb within layouts/application (Duration: 0.1ms | Allocations: 11)
  Rendered layout layouts/application.html.erb (Duration: 3.7ms | Allocations: 1130)
Completed 200 OK in 7ms (Views: 4.4ms | ActiveRecord: 0.2ms | Allocations: 1849)


Started GET "/" for 127.0.0.1 at 2022-09-15 16:09:05 +0500
Processing by ArticlesController#index as HTML
  Rendering layout layouts/application.html.erb
  Rendering articles/index.html.erb within layouts/application
  [1m[36mArticle Load (0.2ms)[0m  [1m[34mSELECT "articles".* FROM "articles"[0m
  ↳ app/views/articles/index.html.erb:4
  Rendered articles/index.html.erb within layouts/application (Duration: 2.0ms | Allocations: 580)
  Rendered layout layouts/application.html.erb (Duration: 4.6ms | Allocations: 1714)
Completed 200 OK in 6ms (Views: 5.1ms | ActiveRecord: 0.2ms | Allocations: 2007)


Started GET "/" for 127.0.0.1 at 2022-09-15 16:43:28 +0500
Processing by ArticlesController#index as HTML
  Rendering layout layouts/application.html.erb
  Rendering articles/index.html.erb within layouts/application
  [1m[36mArticle Load (0.5ms)[0m  [1m[34mSELECT "articles".* FROM "articles"[0m
  ↳ app/views/articles/index.html.erb:4
  Rendered articles/index.html.erb within layouts/application (Duration: 4.3ms | Allocations: 2301)
  Rendered layout layouts/application.html.erb (Duration: 6.4ms | Allocations: 3678)
Completed 200 OK in 11ms (Views: 7.9ms | ActiveRecord: 0.8ms | Allocations: 5466)


Started GET "/articles/new" for 127.0.0.1 at 2022-09-15 16:43:30 +0500
Processing by ArticlesController#new as HTML
  Rendering layout layouts/application.html.erb
  Rendering articles/new.html.erb within layouts/application
  Rendered articles/new.html.erb within layouts/application (Duration: 15.6ms | Allocations: 5253)
  Rendered layout layouts/application.html.erb (Duration: 17.0ms | Allocations: 6215)
Completed 200 OK in 18ms (Views: 17.5ms | ActiveRecord: 0.0ms | Allocations: 6592)


Started POST "/articles" for 127.0.0.1 at 2022-09-15 16:43:39 +0500
Processing by ArticlesController#create as HTML
  Parameters: {"authenticity_token"=>"[FILTERED]", "article"=>{"title"=>"Hello", "body"=>"Hello World"}, "commit"=>"Create Article"}
Completed 500 Internal Server Error in 13ms (ActiveRecord: 0.0ms | Allocations: 3260)


  
NameError (undefined local variable or method `article_params' for #<ArticlesController:0x0000000001cde0>
Did you mean?  article_path):
  
app/controllers/articles_controller.rb:15:in `create'
Started POST "/articles" for 127.0.0.1 at 2022-09-15 16:46:32 +0500
Processing by ArticlesController#create as HTML
  Parameters: {"authenticity_token"=>"[FILTERED]", "article"=>{"title"=>"Hello", "body"=>"Hello World"}, "commit"=>"Create Article"}
  [1m[36mTRANSACTION (0.0ms)[0m  [1m[36mbegin transaction[0m
  ↳ app/controllers/articles_controller.rb:17:in `create'
  [1m[36mArticle Create (1.2ms)[0m  [1m[32mINSERT INTO "articles" ("title", "body", "created_at", "updated_at") VALUES (?, ?, ?, ?)[0m  [["title", "Hello"], ["body", "Hello World"], ["created_at", "2022-09-15 11:46:32.544231"], ["updated_at", "2022-09-15 11:46:32.544231"]]
  ↳ app/controllers/articles_controller.rb:17:in `create'
  [1m[36mTRANSACTION (0.3ms)[0m  [1m[36mcommit transaction[0m
  ↳ app/controllers/articles_controller.rb:17:in `create'
Redirected to http://0.0.0.0:3000/articles/2
Completed 302 Found in 10ms (ActiveRecord: 2.0ms | Allocations: 5562)


Started GET "/articles/2" for 127.0.0.1 at 2022-09-15 16:46:32 +0500
Processing by ArticlesController#show as HTML
  Parameters: {"id"=>"2"}
  [1m[36mArticle Load (0.1ms)[0m  [1m[34mSELECT "articles".* FROM "articles" WHERE "articles"."id" = ? LIMIT ?[0m  [["id", 2], ["LIMIT", 1]]
  ↳ app/controllers/articles_controller.rb:7:in `show'
  Rendering layout layouts/application.html.erb
  Rendering articles/show.html.erb within layouts/application
  Rendered articles/show.html.erb within layouts/application (Duration: 0.4ms | Allocations: 142)
  Rendered layout layouts/application.html.erb (Duration: 1.7ms | Allocations: 1322)
Completed 200 OK in 4ms (Views: 2.5ms | ActiveRecord: 0.1ms | Allocations: 3177)


Started GET "/" for 127.0.0.1 at 2022-09-15 16:46:38 +0500
Processing by ArticlesController#index as HTML
  Rendering layout layouts/application.html.erb
  Rendering articles/index.html.erb within layouts/application
  [1m[36mArticle Load (0.3ms)[0m  [1m[34mSELECT "articles".* FROM "articles"[0m
  ↳ app/views/articles/index.html.erb:4
  Rendered articles/index.html.erb within layouts/application (Duration: 3.0ms | Allocations: 746)
  Rendered layout layouts/application.html.erb (Duration: 6.3ms | Allocations: 1877)
Completed 200 OK in 8ms (Views: 6.7ms | ActiveRecord: 0.3ms | Allocations: 2173)


Started GET "/articles/new" for 127.0.0.1 at 2022-09-15 16:46:45 +0500
Processing by ArticlesController#new as HTML
  Rendering layout layouts/application.html.erb
  Rendering articles/new.html.erb within layouts/application
  Rendered articles/new.html.erb within layouts/application (Duration: 4.3ms | Allocations: 1031)
  Rendered layout layouts/application.html.erb (Duration: 6.8ms | Allocations: 1993)
Completed 200 OK in 8ms (Views: 7.6ms | ActiveRecord: 0.0ms | Allocations: 2290)


Started POST "/articles" for 127.0.0.1 at 2022-09-15 16:46:56 +0500
Processing by ArticlesController#create as HTML
  Parameters: {"authenticity_token"=>"[FILTERED]", "article"=>{"title"=>"What Test", "body"=>"Testing for more articles"}, "commit"=>"Create Article"}
  [1m[36mTRANSACTION (0.1ms)[0m  [1m[36mbegin transaction[0m
  ↳ app/controllers/articles_controller.rb:17:in `create'
  [1m[36mArticle Create (0.6ms)[0m  [1m[32mINSERT INTO "articles" ("title", "body", "created_at", "updated_at") VALUES (?, ?, ?, ?)[0m  [["title", "What Test"], ["body", "Testing for more articles"], ["created_at", "2022-09-15 11:46:56.569729"], ["updated_at", "2022-09-15 11:46:56.569729"]]
  ↳ app/controllers/articles_controller.rb:17:in `create'
  [1m[36mTRANSACTION (1.1ms)[0m  [1m[36mcommit transaction[0m
  ↳ app/controllers/articles_controller.rb:17:in `create'
Redirected to http://0.0.0.0:3000/articles/3
Completed 302 Found in 6ms (ActiveRecord: 1.7ms | Allocations: 2053)


Started GET "/articles/3" for 127.0.0.1 at 2022-09-15 16:46:56 +0500
Processing by ArticlesController#show as HTML
  Parameters: {"id"=>"3"}
  [1m[36mArticle Load (0.1ms)[0m  [1m[34mSELECT "articles".* FROM "articles" WHERE "articles"."id" = ? LIMIT ?[0m  [["id", 3], ["LIMIT", 1]]
  ↳ app/controllers/articles_controller.rb:7:in `show'
  Rendering layout layouts/application.html.erb
  Rendering articles/show.html.erb within layouts/application
  Rendered articles/show.html.erb within layouts/application (Duration: 0.1ms | Allocations: 12)
  Rendered layout layouts/application.html.erb (Duration: 8.2ms | Allocations: 1134)
Completed 200 OK in 10ms (Views: 8.6ms | ActiveRecord: 0.1ms | Allocations: 1854)


Started GET "/" for 127.0.0.1 at 2022-09-15 16:47:01 +0500
Processing by ArticlesController#index as HTML
  Rendering layout layouts/application.html.erb
  Rendering articles/index.html.erb within layouts/application
  [1m[36mArticle Load (0.2ms)[0m  [1m[34mSELECT "articles".* FROM "articles"[0m
  ↳ app/views/articles/index.html.erb:4
  Rendered articles/index.html.erb within layouts/application (Duration: 2.2ms | Allocations: 735)
  Rendered layout layouts/application.html.erb (Duration: 5.5ms | Allocations: 1872)
Completed 200 OK in 8ms (Views: 6.8ms | ActiveRecord: 0.2ms | Allocations: 2165)


Started GET "/articles/3" for 127.0.0.1 at 2022-09-15 16:47:06 +0500
Processing by ArticlesController#show as HTML
  Parameters: {"id"=>"3"}
  [1m[36mArticle Load (0.2ms)[0m  [1m[34mSELECT "articles".* FROM "articles" WHERE "articles"."id" = ? LIMIT ?[0m  [["id", 3], ["LIMIT", 1]]
  ↳ app/controllers/articles_controller.rb:7:in `show'
  Rendering layout layouts/application.html.erb
  Rendering articles/show.html.erb within layouts/application
  Rendered articles/show.html.erb within layouts/application (Duration: 0.1ms | Allocations: 12)
  Rendered layout layouts/application.html.erb (Duration: 2.9ms | Allocations: 1137)
Completed 200 OK in 6ms (Views: 4.1ms | ActiveRecord: 0.2ms | Allocations: 1856)


Started GET "/" for 127.0.0.1 at 2022-09-15 16:47:09 +0500
Processing by ArticlesController#index as HTML
  Rendering layout layouts/application.html.erb
  Rendering articles/index.html.erb within layouts/application
  [1m[36mArticle Load (0.2ms)[0m  [1m[34mSELECT "articles".* FROM "articles"[0m
  ↳ app/views/articles/index.html.erb:4
  Rendered articles/index.html.erb within layouts/application (Duration: 2.6ms | Allocations: 735)
  Rendered layout layouts/application.html.erb (Duration: 6.1ms | Allocations: 1857)
Completed 200 OK in 7ms (Views: 6.6ms | ActiveRecord: 0.2ms | Allocations: 2150)


Started GET "/articles/new" for 127.0.0.1 at 2022-09-15 16:47:54 +0500
Processing by ArticlesController#new as HTML
  Rendering layout layouts/application.html.erb
  Rendering articles/new.html.erb within layouts/application
  Rendered articles/new.html.erb within layouts/application (Duration: 4.5ms | Allocations: 975)
  Rendered layout layouts/application.html.erb (Duration: 8.4ms | Allocations: 1937)
Completed 200 OK in 12ms (Views: 9.6ms | ActiveRecord: 0.0ms | Allocations: 2232)


Started POST "/articles" for 127.0.0.1 at 2022-09-15 16:47:56 +0500
Processing by ArticlesController#create as HTML
  Parameters: {"authenticity_token"=>"[FILTERED]", "article"=>{"title"=>"", "body"=>""}, "commit"=>"Create Article"}
  Rendering layout layouts/application.html.erb
  Rendering articles/new.html.erb within layouts/application
  Rendered articles/new.html.erb within layouts/application (Duration: 7.4ms | Allocations: 3915)
  Rendered layout layouts/application.html.erb (Duration: 9.2ms | Allocations: 4912)
Completed 422 Unprocessable Entity in 15ms (Views: 10.0ms | ActiveRecord: 0.0ms | Allocations: 6000)


Started POST "/articles" for 127.0.0.1 at 2022-09-15 16:48:10 +0500
Processing by ArticlesController#create as HTML
  Parameters: {"authenticity_token"=>"[FILTERED]", "article"=>{"title"=>"Error Testing", "body"=>""}, "commit"=>"Create Article"}
  Rendering layout layouts/application.html.erb
  Rendering articles/new.html.erb within layouts/application
  Rendered articles/new.html.erb within layouts/application (Duration: 5.5ms | Allocations: 2785)
  Rendered layout layouts/application.html.erb (Duration: 8.6ms | Allocations: 3782)
Completed 422 Unprocessable Entity in 12ms (Views: 9.5ms | ActiveRecord: 0.0ms | Allocations: 4837)


Started POST "/articles" for 127.0.0.1 at 2022-09-15 16:48:16 +0500
Processing by ArticlesController#create as HTML
  Parameters: {"authenticity_token"=>"[FILTERED]", "article"=>{"title"=>"Error Testing", "body"=>""}, "commit"=>"Create Article"}
  Rendering layout layouts/application.html.erb
  Rendering articles/new.html.erb within layouts/application
  Rendered articles/new.html.erb within layouts/application (Duration: 5.1ms | Allocations: 2785)
  Rendered layout layouts/application.html.erb (Duration: 7.7ms | Allocations: 3782)
Completed 422 Unprocessable Entity in 12ms (Views: 8.5ms | ActiveRecord: 0.0ms | Allocations: 4832)


Started POST "/articles" for 127.0.0.1 at 2022-09-15 16:48:20 +0500
Processing by ArticlesController#create as HTML
  Parameters: {"authenticity_token"=>"[FILTERED]", "article"=>{"title"=>"Error Testing", "body"=>"23232323233232"}, "commit"=>"Create Article"}
  [1m[36mTRANSACTION (0.2ms)[0m  [1m[36mbegin transaction[0m
  ↳ app/controllers/articles_controller.rb:17:in `create'
  [1m[36mArticle Create (0.7ms)[0m  [1m[32mINSERT INTO "articles" ("title", "body", "created_at", "updated_at") VALUES (?, ?, ?, ?)[0m  [["title", "Error Testing"], ["body", "23232323233232"], ["created_at", "2022-09-15 11:48:20.738154"], ["updated_at", "2022-09-15 11:48:20.738154"]]
  ↳ app/controllers/articles_controller.rb:17:in `create'
  [1m[36mTRANSACTION (1.0ms)[0m  [1m[36mcommit transaction[0m
  ↳ app/controllers/articles_controller.rb:17:in `create'
Redirected to http://0.0.0.0:3000/articles/4
Completed 302 Found in 7ms (ActiveRecord: 1.9ms | Allocations: 2060)


Started GET "/articles/4" for 127.0.0.1 at 2022-09-15 16:48:20 +0500
Processing by ArticlesController#show as HTML
  Parameters: {"id"=>"4"}
  [1m[36mArticle Load (0.1ms)[0m  [1m[34mSELECT "articles".* FROM "articles" WHERE "articles"."id" = ? LIMIT ?[0m  [["id", 4], ["LIMIT", 1]]
  ↳ app/controllers/articles_controller.rb:7:in `show'
  Rendering layout layouts/application.html.erb
  Rendering articles/show.html.erb within layouts/application
  Rendered articles/show.html.erb within layouts/application (Duration: 0.1ms | Allocations: 11)
  Rendered layout layouts/application.html.erb (Duration: 1.8ms | Allocations: 1126)
Completed 200 OK in 3ms (Views: 2.1ms | ActiveRecord: 0.1ms | Allocations: 1845)


Started GET "/" for 127.0.0.1 at 2022-09-15 16:48:29 +0500
Processing by ArticlesController#index as HTML
  Rendering layout layouts/application.html.erb
  Rendering articles/index.html.erb within layouts/application
  [1m[36mArticle Load (0.2ms)[0m  [1m[34mSELECT "articles".* FROM "articles"[0m
  ↳ app/views/articles/index.html.erb:4
  Rendered articles/index.html.erb within layouts/application (Duration: 2.9ms | Allocations: 800)
  Rendered layout layouts/application.html.erb (Duration: 6.0ms | Allocations: 1920)
Completed 200 OK in 7ms (Views: 6.6ms | ActiveRecord: 0.2ms | Allocations: 2213)


Started GET "/" for 127.0.0.1 at 2022-09-15 16:51:51 +0500
Processing by ArticlesController#index as HTML
  Rendering layout layouts/application.html.erb
  Rendering articles/index.html.erb within layouts/application
  [1m[36mArticle Load (0.1ms)[0m  [1m[34mSELECT "articles".* FROM "articles"[0m
  ↳ app/views/articles/index.html.erb:4
  Rendered articles/index.html.erb within layouts/application (Duration: 2.2ms | Allocations: 1042)
  Rendered layout layouts/application.html.erb (Duration: 4.3ms | Allocations: 2409)
Completed 200 OK in 7ms (Views: 6.0ms | ActiveRecord: 0.1ms | Allocations: 3408)


Started GET "/articles/4" for 127.0.0.1 at 2022-09-15 16:51:54 +0500
Processing by ArticlesController#show as HTML
  Parameters: {"id"=>"4"}
  [1m[36mArticle Load (0.2ms)[0m  [1m[34mSELECT "articles".* FROM "articles" WHERE "articles"."id" = ? LIMIT ?[0m  [["id", 4], ["LIMIT", 1]]
  ↳ app/controllers/articles_controller.rb:7:in `show'
  Rendering layout layouts/application.html.erb
  Rendering articles/show.html.erb within layouts/application
  Rendered articles/show.html.erb within layouts/application (Duration: 1.4ms | Allocations: 136)
  Rendered layout layouts/application.html.erb (Duration: 4.5ms | Allocations: 1257)
Completed 200 OK in 9ms (Views: 5.3ms | ActiveRecord: 0.2ms | Allocations: 2033)


Started GET "/" for 127.0.0.1 at 2022-09-15 17:03:08 +0500
  [1m[36mActiveRecord::SchemaMigration Pluck (0.1ms)[0m  [1m[34mSELECT "schema_migrations"."version" FROM "schema_migrations" ORDER BY "schema_migrations"."version" ASC[0m
Processing by ArticlesController#index as HTML
  Rendering layout layouts/application.html.erb
  Rendering articles/index.html.erb within layouts/application
  [1m[36mArticle Load (0.2ms)[0m  [1m[34mSELECT "articles".* FROM "articles"[0m
  ↳ app/views/articles/index.html.erb:4
  Rendered articles/index.html.erb within layouts/application (Duration: 4.9ms | Allocations: 16721)
  Rendered layout layouts/application.html.erb (Duration: 12.4ms | Allocations: 26513)
Completed 200 OK in 18ms (Views: 13.6ms | ActiveRecord: 0.4ms | Allocations: 32543)


Started GET "/" for 127.0.0.1 at 2022-09-15 17:15:53 +0500
  [1m[36mActiveRecord::SchemaMigration Pluck (0.0ms)[0m  [1m[34mSELECT "schema_migrations"."version" FROM "schema_migrations" ORDER BY "schema_migrations"."version" ASC[0m
Processing by ArticlesController#index as HTML
  Rendering layout layouts/application.html.erb
  Rendering articles/index.html.erb within layouts/application
  [1m[36mArticle Load (0.2ms)[0m  [1m[34mSELECT "articles".* FROM "articles"[0m
  ↳ app/views/articles/index.html.erb:4
  Rendered articles/index.html.erb within layouts/application (Duration: 4.9ms | Allocations: 16724)
  Rendered layout layouts/application.html.erb (Duration: 12.4ms | Allocations: 26452)
Completed 200 OK in 18ms (Views: 13.6ms | ActiveRecord: 0.4ms | Allocations: 32482)


Started GET "/articles/4" for 127.0.0.1 at 2022-09-15 17:15:56 +0500
Processing by ArticlesController#show as HTML
  Parameters: {"id"=>"4"}
  [1m[36mArticle Load (0.4ms)[0m  [1m[34mSELECT "articles".* FROM "articles" WHERE "articles"."id" = ? LIMIT ?[0m  [["id", 4], ["LIMIT", 1]]
  ↳ app/controllers/articles_controller.rb:7:in `show'
  Rendering layout layouts/application.html.erb
  Rendering articles/show.html.erb within layouts/application
  Rendered articles/show.html.erb within layouts/application (Duration: 1.2ms | Allocations: 142)
  Rendered layout layouts/application.html.erb (Duration: 4.2ms | Allocations: 1266)
Completed 200 OK in 12ms (Views: 5.0ms | ActiveRecord: 0.4ms | Allocations: 3986)


Started GET "/" for 127.0.0.1 at 2022-09-15 17:15:58 +0500
Processing by ArticlesController#index as HTML
  Rendering layout layouts/application.html.erb
  Rendering articles/index.html.erb within layouts/application
  [1m[36mArticle Load (0.2ms)[0m  [1m[34mSELECT "articles".* FROM "articles"[0m
  ↳ app/views/articles/index.html.erb:4
  Rendered articles/index.html.erb within layouts/application (Duration: 2.4ms | Allocations: 738)
  Rendered layout layouts/application.html.erb (Duration: 5.4ms | Allocations: 1865)
Completed 200 OK in 7ms (Views: 6.0ms | ActiveRecord: 0.2ms | Allocations: 2166)


Started GET "/" for 127.0.0.1 at 2022-09-15 17:36:18 +0500
Processing by ArticlesController#index as HTML
  Rendering layout layouts/application.html.erb
  Rendering articles/index.html.erb within layouts/application
  [1m[36mArticle Load (0.4ms)[0m  [1m[34mSELECT "articles".* FROM "articles"[0m
  ↳ app/views/articles/index.html.erb:4
  Rendered articles/index.html.erb within layouts/application (Duration: 13.8ms | Allocations: 2468)
  Rendered layout layouts/application.html.erb (Duration: 15.7ms | Allocations: 3850)
Completed 200 OK in 19ms (Views: 16.9ms | ActiveRecord: 0.7ms | Allocations: 5590)


Started GET "/articles/new" for 127.0.0.1 at 2022-09-15 17:36:20 +0500
Processing by ArticlesController#new as HTML
  Rendering layout layouts/application.html.erb
  Rendering articles/new.html.erb within layouts/application
  Rendered articles/_form.html.erb (Duration: 12.5ms | Allocations: 3472)
  Rendered articles/new.html.erb within layouts/application (Duration: 15.9ms | Allocations: 4758)
  Rendered layout layouts/application.html.erb (Duration: 17.6ms | Allocations: 5720)
Completed 200 OK in 20ms (Views: 19.0ms | ActiveRecord: 0.0ms | Allocations: 6097)


Started GET "/" for 127.0.0.1 at 2022-09-15 17:36:27 +0500
Processing by ArticlesController#index as HTML
  Rendering layout layouts/application.html.erb
  Rendering articles/index.html.erb within layouts/application
  [1m[36mArticle Load (0.2ms)[0m  [1m[34mSELECT "articles".* FROM "articles"[0m
  ↳ app/views/articles/index.html.erb:4
  Rendered articles/index.html.erb within layouts/application (Duration: 2.5ms | Allocations: 732)
  Rendered layout layouts/application.html.erb (Duration: 5.7ms | Allocations: 1868)
Completed 200 OK in 7ms (Views: 6.2ms | ActiveRecord: 0.2ms | Allocations: 2161)


Started GET "/" for 127.0.0.1 at 2022-09-15 17:36:46 +0500
Processing by ArticlesController#index as HTML
  Rendering layout layouts/application.html.erb
  Rendering articles/index.html.erb within layouts/application
  [1m[36mArticle Load (0.1ms)[0m  [1m[34mSELECT "articles".* FROM "articles"[0m
  ↳ app/views/articles/index.html.erb:4
  Rendered articles/index.html.erb within layouts/application (Duration: 2.6ms | Allocations: 1035)
  Rendered layout layouts/application.html.erb (Duration: 5.4ms | Allocations: 2398)
Completed 200 OK in 9ms (Views: 7.1ms | ActiveRecord: 0.1ms | Allocations: 3397)


Started GET "/articles/new" for 127.0.0.1 at 2022-09-15 17:36:47 +0500
Processing by ArticlesController#new as HTML
  Rendering layout layouts/application.html.erb
  Rendering articles/new.html.erb within layouts/application
  Rendered articles/_form.html.erb (Duration: 4.4ms | Allocations: 1337)
  Rendered articles/new.html.erb within layouts/application (Duration: 6.1ms | Allocations: 1814)
  Rendered layout layouts/application.html.erb (Duration: 8.3ms | Allocations: 2777)
Completed 200 OK in 10ms (Views: 9.2ms | ActiveRecord: 0.0ms | Allocations: 3138)


Started GET "/" for 127.0.0.1 at 2022-09-15 17:39:25 +0500
Processing by ArticlesController#index as HTML
  Rendering layout layouts/application.html.erb
  Rendering articles/index.html.erb within layouts/application
  [1m[36mArticle Load (0.4ms)[0m  [1m[34mSELECT "articles".* FROM "articles"[0m
  ↳ app/views/articles/index.html.erb:4
  Rendered articles/index.html.erb within layouts/application (Duration: 6.5ms | Allocations: 1035)
  Rendered layout layouts/application.html.erb (Duration: 16.9ms | Allocations: 2400)
Completed 200 OK in 24ms (Views: 21.2ms | ActiveRecord: 0.4ms | Allocations: 3398)


Started GET "/articles/1" for 127.0.0.1 at 2022-09-15 17:39:27 +0500
Processing by ArticlesController#show as HTML
  Parameters: {"id"=>"1"}
  [1m[36mArticle Load (0.5ms)[0m  [1m[34mSELECT "articles".* FROM "articles" WHERE "articles"."id" = ? LIMIT ?[0m  [["id", 1], ["LIMIT", 1]]
  ↳ app/controllers/articles_controller.rb:7:in `show'
  Rendering layout layouts/application.html.erb
  Rendering articles/show.html.erb within layouts/application
  Rendered articles/show.html.erb within layouts/application (Duration: 1.5ms | Allocations: 210)
  Rendered layout layouts/application.html.erb (Duration: 7.0ms | Allocations: 1320)
Completed 200 OK in 14ms (Views: 7.8ms | ActiveRecord: 0.5ms | Allocations: 2694)


Started GET "/articles/1/edit" for 127.0.0.1 at 2022-09-15 17:39:28 +0500
Processing by ArticlesController#edit as HTML
  Parameters: {"id"=>"1"}
  [1m[36mArticle Load (0.2ms)[0m  [1m[34mSELECT "articles".* FROM "articles" WHERE "articles"."id" = ? LIMIT ?[0m  [["id", 1], ["LIMIT", 1]]
  ↳ app/controllers/articles_controller.rb:25:in `edit'
  Rendering layout layouts/application.html.erb
  Rendering articles/edit.html.erb within layouts/application
  Rendered articles/_form.html.erb (Duration: 5.4ms | Allocations: 1436)
  Rendered articles/edit.html.erb within layouts/application (Duration: 7.2ms | Allocations: 1668)
  Rendered layout layouts/application.html.erb (Duration: 9.6ms | Allocations: 2622)
Completed 200 OK in 13ms (Views: 10.4ms | ActiveRecord: 0.2ms | Allocations: 3405)


Started GET "/articles/3" for 127.0.0.1 at 2022-09-15 17:39:33 +0500
Processing by ArticlesController#show as HTML
  Parameters: {"id"=>"3"}
  [1m[36mArticle Load (0.1ms)[0m  [1m[34mSELECT "articles".* FROM "articles" WHERE "articles"."id" = ? LIMIT ?[0m  [["id", 3], ["LIMIT", 1]]
  ↳ app/controllers/articles_controller.rb:7:in `show'
  Rendering layout layouts/application.html.erb
  Rendering articles/show.html.erb within layouts/application
  Rendered articles/show.html.erb within layouts/application (Duration: 0.5ms | Allocations: 57)
  Rendered layout layouts/application.html.erb (Duration: 3.7ms | Allocations: 1171)
Completed 200 OK in 6ms (Views: 4.5ms | ActiveRecord: 0.1ms | Allocations: 1890)


Started GET "/articles/3/edit" for 127.0.0.1 at 2022-09-15 17:39:35 +0500
Processing by ArticlesController#edit as HTML
  Parameters: {"id"=>"3"}
  [1m[36mArticle Load (0.1ms)[0m  [1m[34mSELECT "articles".* FROM "articles" WHERE "articles"."id" = ? LIMIT ?[0m  [["id", 3], ["LIMIT", 1]]
  ↳ app/controllers/articles_controller.rb:25:in `edit'
  Rendering layout layouts/application.html.erb
  Rendering articles/edit.html.erb within layouts/application
  Rendered articles/_form.html.erb (Duration: 3.7ms | Allocations: 1061)
  Rendered articles/edit.html.erb within layouts/application (Duration: 3.9ms | Allocations: 1117)
  Rendered layout layouts/application.html.erb (Duration: 6.4ms | Allocations: 2071)
Completed 200 OK in 9ms (Views: 7.2ms | ActiveRecord: 0.1ms | Allocations: 2790)


Started GET "/articles/3/edit" for 127.0.0.1 at 2022-09-15 17:41:27 +0500
Processing by ArticlesController#edit as HTML
  Parameters: {"id"=>"3"}
  [1m[36mArticle Load (0.4ms)[0m  [1m[34mSELECT "articles".* FROM "articles" WHERE "articles"."id" = ? LIMIT ?[0m  [["id", 3], ["LIMIT", 1]]
  ↳ app/controllers/articles_controller.rb:25:in `edit'
  Rendering layout layouts/application.html.erb
  Rendering articles/edit.html.erb within layouts/application
  Rendered articles/_form.html.erb (Duration: 10.8ms | Allocations: 1053)
  Rendered articles/edit.html.erb within layouts/application (Duration: 11.1ms | Allocations: 1109)
  Rendered layout layouts/application.html.erb (Duration: 14.6ms | Allocations: 2063)
Completed 200 OK in 20ms (Views: 15.7ms | ActiveRecord: 0.4ms | Allocations: 2782)


Started PATCH "/articles/3" for 127.0.0.1 at 2022-09-15 17:41:33 +0500
Processing by ArticlesController#update as HTML
  Parameters: {"authenticity_token"=>"[FILTERED]", "article"=>{"title"=>"What Test", "body"=>"Testing for more articles: Update"}, "commit"=>"Update Article", "id"=>"3"}
  [1m[36mArticle Load (0.1ms)[0m  [1m[34mSELECT "articles".* FROM "articles" WHERE "articles"."id" = ? LIMIT ?[0m  [["id", 3], ["LIMIT", 1]]
  ↳ app/controllers/articles_controller.rb:29:in `update'
  [1m[36mTRANSACTION (0.1ms)[0m  [1m[36mbegin transaction[0m
  ↳ app/controllers/articles_controller.rb:31:in `update'
  [1m[36mArticle Update (1.2ms)[0m  [1m[33mUPDATE "articles" SET "body" = ?, "updated_at" = ? WHERE "articles"."id" = ?[0m  [["body", "Testing for more articles: Update"], ["updated_at", "2022-09-15 12:41:33.246215"], ["id", 3]]
  ↳ app/controllers/articles_controller.rb:31:in `update'
  [1m[36mTRANSACTION (2.1ms)[0m  [1m[36mcommit transaction[0m
  ↳ app/controllers/articles_controller.rb:31:in `update'
Redirected to http://0.0.0.0:3000/articles/3
Completed 302 Found in 10ms (ActiveRecord: 3.5ms | Allocations: 3757)


Started GET "/articles/3" for 127.0.0.1 at 2022-09-15 17:41:33 +0500
Processing by ArticlesController#show as HTML
  Parameters: {"id"=>"3"}
  [1m[36mArticle Load (0.1ms)[0m  [1m[34mSELECT "articles".* FROM "articles" WHERE "articles"."id" = ? LIMIT ?[0m  [["id", 3], ["LIMIT", 1]]
  ↳ app/controllers/articles_controller.rb:7:in `show'
  Rendering layout layouts/application.html.erb
  Rendering articles/show.html.erb within layouts/application
  Rendered articles/show.html.erb within layouts/application (Duration: 0.2ms | Allocations: 57)
  Rendered layout layouts/application.html.erb (Duration: 1.6ms | Allocations: 1181)
Completed 200 OK in 3ms (Views: 1.9ms | ActiveRecord: 0.1ms | Allocations: 1900)


Started GET "/articles/3/edit" for 127.0.0.1 at 2022-09-15 17:41:34 +0500
Processing by ArticlesController#edit as HTML
  Parameters: {"id"=>"3"}
  [1m[36mArticle Load (0.1ms)[0m  [1m[34mSELECT "articles".* FROM "articles" WHERE "articles"."id" = ? LIMIT ?[0m  [["id", 3], ["LIMIT", 1]]
  ↳ app/controllers/articles_controller.rb:25:in `edit'
  Rendering layout layouts/application.html.erb
  Rendering articles/edit.html.erb within layouts/application
  Rendered articles/_form.html.erb (Duration: 3.9ms | Allocations: 1061)
  Rendered articles/edit.html.erb within layouts/application (Duration: 4.2ms | Allocations: 1117)
  Rendered layout layouts/application.html.erb (Duration: 6.5ms | Allocations: 2071)
Completed 200 OK in 8ms (Views: 7.1ms | ActiveRecord: 0.1ms | Allocations: 2790)


Started PATCH "/articles/3" for 127.0.0.1 at 2022-09-15 17:41:37 +0500
Processing by ArticlesController#update as HTML
  Parameters: {"authenticity_token"=>"[FILTERED]", "article"=>{"title"=>"", "body"=>"Testing for more articles: Update"}, "commit"=>"Update Article", "id"=>"3"}
  [1m[36mArticle Load (0.1ms)[0m  [1m[34mSELECT "articles".* FROM "articles" WHERE "articles"."id" = ? LIMIT ?[0m  [["id", 3], ["LIMIT", 1]]
  ↳ app/controllers/articles_controller.rb:29:in `update'
  Rendering layout layouts/application.html.erb
  Rendering articles/edit.html.erb within layouts/application
  Rendered articles/_form.html.erb (Duration: 3.3ms | Allocations: 1981)
  Rendered articles/edit.html.erb within layouts/application (Duration: 3.4ms | Allocations: 2037)
  Rendered layout layouts/application.html.erb (Duration: 5.2ms | Allocations: 3034)
Completed 422 Unprocessable Entity in 8ms (Views: 5.6ms | ActiveRecord: 0.1ms | Allocations: 4837)


Started PATCH "/articles/3" for 127.0.0.1 at 2022-09-15 17:41:45 +0500
Processing by ArticlesController#update as HTML
  Parameters: {"authenticity_token"=>"[FILTERED]", "article"=>{"title"=>"What Test", "body"=>"Testing for more articles: Update"}, "commit"=>"Update Article", "id"=>"3"}
  [1m[36mArticle Load (0.2ms)[0m  [1m[34mSELECT "articles".* FROM "articles" WHERE "articles"."id" = ? LIMIT ?[0m  [["id", 3], ["LIMIT", 1]]
  ↳ app/controllers/articles_controller.rb:29:in `update'
Redirected to http://0.0.0.0:3000/articles/3
Completed 302 Found in 6ms (ActiveRecord: 0.2ms | Allocations: 1037)


Started GET "/articles/3" for 127.0.0.1 at 2022-09-15 17:41:45 +0500
Processing by ArticlesController#show as HTML
  Parameters: {"id"=>"3"}
  [1m[36mArticle Load (0.2ms)[0m  [1m[34mSELECT "articles".* FROM "articles" WHERE "articles"."id" = ? LIMIT ?[0m  [["id", 3], ["LIMIT", 1]]
  ↳ app/controllers/articles_controller.rb:7:in `show'
  Rendering layout layouts/application.html.erb
  Rendering articles/show.html.erb within layouts/application
  Rendered articles/show.html.erb within layouts/application (Duration: 0.2ms | Allocations: 57)
  Rendered layout layouts/application.html.erb (Duration: 2.9ms | Allocations: 1189)
Completed 200 OK in 5ms (Views: 3.5ms | ActiveRecord: 0.2ms | Allocations: 1910)


